<?xml version="1.0" encoding="UTF-8"?>
<!-- Generated by org.testng.reporters.JUnitReportReporter -->
<testsuite hostname="G3-PC-01" failures="0" tests="1" name="products.BulkDiscount" time="17.533" errors="0" timestamp="2025-06-03T09:27:33 IST" skipped="0">
  <testcase classname="products.BulkDiscount" name="editproducts" time="17.533"/>
</testsuite> <!-- products.BulkDiscount -->
