<?xml version="1.0" encoding="UTF-8"?>
<!-- Generated by org.testng.reporters.JUnitReportReporter -->
<testsuite hostname="G3-PC-01" failures="0" tests="7" name="smoketesting.DeleteProductAndItsDetails" time="175.043" errors="0" timestamp="2025-08-13T10:36:32 IST" skipped="0">
  <testcase classname="smoketesting.DeleteProductAndItsDetails" name="DeleteCategories" time="41.200"/>
  <testcase classname="smoketesting.DeleteProductAndItsDetails" name="DeleteMaterial" time="19.108"/>
  <testcase classname="smoketesting.DeleteProductAndItsDetails" name="DeleteMachinery" time="16.220"/>
  <testcase classname="smoketesting.DeleteProductAndItsDetails" name="DeleteLabour" time="16.270"/>
  <testcase classname="smoketesting.DeleteProductAndItsDetails" name="DeleteProductDetails" time="60.062"/>
  <testcase classname="smoketesting.DeleteProductAndItsDetails" name="DeleteDicounts" time="12.969"/>
  <testcase classname="smoketesting.DeleteProductAndItsDetails" name="DeleteProduct" time="9.214"/>
</testsuite> <!-- smoketesting.DeleteProductAndItsDetails -->
