<?xml version="1.0" encoding="UTF-8"?>
<!-- Generated by org.testng.reporters.JUnitReportReporter -->
<testsuite hostname="G3-PC-01" failures="0" tests="1" name="customers.DeleteCustomer" time="21.531" errors="0" timestamp="2025-06-04T17:08:01 IST" skipped="0">
  <testcase classname="customers.DeleteCustomer" name="addandDeleteCustomer" time="21.531"/>
</testsuite> <!-- customers.DeleteCustomer -->
