<?xml version="1.0" encoding="UTF-8"?>
<!-- Generated by org.testng.reporters.JUnitReportReporter -->
<testsuite hostname="DESKTOP-2F7C5CE" failures="0" tests="1" name="customers.AddDiscount" time="20.062" errors="0" timestamp="2025-03-28T14:33:58 IST" skipped="0">
  <testcase classname="customers.AddDiscount" name="AddDiscountWithCategoryName" time="20.062"/>
</testsuite> <!-- customers.AddDiscount -->
