<?xml version="1.0" encoding="UTF-8"?>
<!-- Generated by org.testng.reporters.JUnitReportReporter -->
<testsuite hostname="G3-PC-01" failures="0" tests="2" name="smoketesting.ViewAndEditAccountManagementAndTermsandConditions" time="26.255" errors="0" timestamp="2025-08-18T16:56:56 IST" skipped="0">
  <testcase classname="smoketesting.ViewAndEditAccountManagementAndTermsandConditions" name="ViewAndEditAccountManagement" time="26.253"/>
  <testcase classname="smoketesting.ViewAndEditAccountManagementAndTermsandConditions" name="ViewAndEditTermsandConditions" time="0.002"/>
</testsuite> <!-- smoketesting.ViewAndEditAccountManagementAndTermsandConditions -->
