<?xml version="1.0" encoding="UTF-8"?>
<!-- Generated by org.testng.reporters.JUnitReportReporter -->
<testsuite hostname="DESKTOP-2F7C5CE" failures="0" tests="2" name="machinery.ValidationCheck" time="18.685" errors="0" timestamp="2025-04-03T14:15:26 IST" skipped="0">
  <testcase classname="machinery.ValidationCheck" name="Validatefields" time="8.587"/>
  <testcase classname="machinery.ValidationCheck" name="DuplicateMachinery" time="10.098"/>
</testsuite> <!-- machinery.ValidationCheck -->
