<?xml version="1.0" encoding="UTF-8"?>
<!-- Generated by org.testng.reporters.JUnitReportReporter -->
<testsuite hostname="G3-PC-01" failures="0" tests="2" name="smoketesting.AddRolesAndUsers" time="26.089" errors="0" timestamp="2025-08-14T13:32:29 IST" skipped="0">
  <testcase classname="smoketesting.AddRolesAndUsers" name="AddRoles" time="6.626"/>
  <testcase classname="smoketesting.AddRolesAndUsers" name="AddUsers" time="19.463"/>
</testsuite> <!-- smoketesting.AddRolesAndUsers -->
