<?xml version="1.0" encoding="UTF-8"?>
<!-- Generated by org.testng.reporters.JUnitReportReporter -->
<testsuite hostname="DESKTOP-2F7C5CE" failures="0" tests="1" name="machinery.AddMachinery" time="11.028" errors="0" timestamp="2025-04-03T13:39:17 IST" skipped="0">
  <testcase classname="machinery.AddMachinery" name="AddMaterialWithNewCategory" time="11.028"/>
</testsuite> <!-- machinery.AddMachinery -->
