<?xml version="1.0" encoding="UTF-8"?>
<!-- Generated by org.testng.reporters.JUnitReportReporter -->
<testsuite hostname="G3-PC-01" failures="0" tests="1" name="category.AddCategory" time="7.843" errors="0" timestamp="2025-05-05T12:08:18 IST" skipped="0">
  <testcase classname="category.AddCategory" name="addcategory" time="7.843"/>
</testsuite> <!-- category.AddCategory -->
