<?xml version="1.0" encoding="UTF-8"?>
<!-- Generated by org.testng.reporters.JUnitReportReporter -->
<testsuite hostname="DESKTOP-2F7C5CE" failures="0" tests="2" name="products.AddProducts" time="48.698" errors="0" timestamp="2025-04-01T14:14:32 IST" skipped="0">
  <testcase classname="products.AddProducts" name="products" time="48.346"/>
  <testcase classname="products.AddProducts" name="firstone" time="0.352"/>
</testsuite> <!-- products.AddProducts -->
