<?xml version="1.0" encoding="UTF-8"?>
<!-- Generated by org.testng.reporters.JUnitReportReporter -->
<testsuite hostname="G3-PC-01" failures="0" tests="1" name="roles.DeleteRoleTest" time="5.481" errors="0" timestamp="2025-06-03T16:28:08 IST" skipped="0">
  <testcase classname="roles.DeleteRoleTest" name="DeleteRole" time="5.481"/>
</testsuite> <!-- roles.DeleteRoleTest -->
