<?xml version="1.0" encoding="UTF-8"?>
<!-- Generated by org.testng.reporters.JUnitReportReporter -->
<testsuite hostname="G3-PC-01" failures="0" tests="1" name="category.DuplicateTest" time="7.810" errors="0" timestamp="2025-05-06T10:22:35 IST" skipped="0">
  <testcase classname="category.DuplicateTest" name="addcategory" time="7.810"/>
</testsuite> <!-- category.DuplicateTest -->
