<?xml version="1.0" encoding="UTF-8"?>
<!-- Generated by org.testng.reporters.JUnitReportReporter -->
<testsuite hostname="G3-PC-01" failures="0" tests="4" name="customers.ValidationCheck" time="32.223" errors="0" timestamp="2025-06-05T10:46:18 IST" skipped="0">
  <testcase classname="customers.ValidationCheck" name="mandatorycheck" time="4.065"/>
  <testcase classname="customers.ValidationCheck" name="InvalidData" time="9.876"/>
  <testcase classname="customers.ValidationCheck" name="NotInRange" time="8.946"/>
  <testcase classname="customers.ValidationCheck" name="DuplicateBusinessName" time="9.336"/>
</testsuite> <!-- customers.ValidationCheck -->
