<?xml version="1.0" encoding="UTF-8"?>
<!-- Generated by org.testng.reporters.JUnitReportReporter -->
<testsuite hostname="G3-PC-01" failures="0" tests="1" name="termsandcondition.ViewFunctionality" time="10.561" errors="0" timestamp="2025-04-04T11:47:28 IST" skipped="0">
  <testcase classname="termsandcondition.ViewFunctionality" name="viewAllTerms" time="10.561"/>
</testsuite> <!-- termsandcondition.ViewFunctionality -->
