<?xml version="1.0" encoding="UTF-8"?>
<!-- Generated by org.testng.reporters.JUnitReportReporter -->
<testsuite hostname="DESKTOP-2F7C5CE" failures="0" tests="1" name="labour.AddLabour" time="10.580" errors="0" timestamp="2025-04-02T15:27:24 IST" skipped="0">
  <testcase classname="labour.AddLabour" name="AddLabourWithNewCategory" time="10.580"/>
</testsuite> <!-- labour.AddLabour -->
