<?xml version="1.0" encoding="UTF-8"?>
<!-- Generated by org.testng.reporters.JUnitReportReporter -->
<testsuite hostname="DESKTOP-2F7C5CE" failures="0" tests="3" name="labour.ValidationCheck" time="19.619" errors="0" timestamp="2025-04-03T09:15:08 IST" skipped="0">
  <testcase classname="labour.ValidationCheck" name="firstone" time="0.430"/>
  <testcase classname="labour.ValidationCheck" name="Validatefields" time="9.342"/>
  <testcase classname="labour.ValidationCheck" name="addlabour" time="9.847"/>
</testsuite> <!-- labour.ValidationCheck -->
