<?xml version="1.0" encoding="UTF-8"?>
<!-- Generated by org.testng.reporters.JUnitReportReporter -->
<testsuite hostname="G3-PC-01" failures="0" tests="1" name="materials.DuplicateMaterialTest" time="3.507" errors="0" timestamp="2025-05-30T15:57:15 IST" skipped="0">
  <testcase classname="materials.DuplicateMaterialTest" name="DuplicateTest" time="3.507"/>
</testsuite> <!-- materials.DuplicateMaterialTest -->
