<?xml version="1.0" encoding="UTF-8"?>
<!-- Generated by org.testng.reporters.JUnitReportReporter -->
<testsuite hostname="G3-PC-01" failures="0" tests="1" name="machinery.DuplicateMachineryTest" time="4.584" errors="0" timestamp="2025-06-02T11:05:04 IST" skipped="0">
  <testcase classname="machinery.DuplicateMachineryTest" name="DuplicateTest" time="4.584"/>
</testsuite> <!-- machinery.DuplicateMachineryTest -->
