<?xml version="1.0" encoding="UTF-8"?>
<!-- Generated by org.testng.reporters.JUnitReportReporter -->
<testsuite hostname="DESKTOP-2F7C5CE" failures="0" tests="1" name="materials.MandatoryCheck" time="4.042" errors="0" timestamp="2025-04-03T11:54:58 IST" skipped="0">
  <testcase classname="materials.MandatoryCheck" name="Mandatorycheck" time="4.042"/>
</testsuite> <!-- materials.MandatoryCheck -->
