<?xml version="1.0" encoding="UTF-8"?>
<!-- Generated by org.testng.reporters.JUnitReportReporter -->
<testsuite hostname="DESKTOP-2F7C5CE" failures="0" tests="2" name="customers.EditDiscount" time="23.517" errors="0" timestamp="2025-03-28T15:06:59 IST" skipped="0">
  <testcase classname="customers.EditDiscount" name="AddDiscountWithCategoryName" time="23.186"/>
  <testcase classname="customers.EditDiscount" name="firstone" time="0.331"/>
</testsuite> <!-- customers.EditDiscount -->
