<?xml version="1.0" encoding="UTF-8"?>
<!-- Generated by org.testng.reporters.JUnitReportReporter -->
<testsuite hostname="G3-PC-01" failures="0" tests="1" name="roles.AddNewRole" time="21.531" errors="0" timestamp="2025-06-04T17:51:33 IST" skipped="0">
  <testcase classname="roles.AddNewRole" name="addnewRole" time="21.531"/>
</testsuite> <!-- roles.AddNewRole -->
