<?xml version="1.0" encoding="UTF-8"?>
<!-- Generated by org.testng.reporters.JUnitReportReporter -->
<testsuite hostname="DESKTOP-2F7C5CE" failures="0" tests="1" name="labour.MandatoryCheck" time="6.463" errors="0" timestamp="2025-04-02T17:27:59 IST" skipped="0">
  <testcase classname="labour.MandatoryCheck" name="Mandatorycheck" time="6.463"/>
</testsuite> <!-- labour.MandatoryCheck -->
