<?xml version="1.0" encoding="UTF-8"?>
<!-- Generated by org.testng.reporters.JUnitReportReporter -->
<testsuite hostname="G3-PC-01" failures="0" tests="1" name="category.MandatoryCheck" time="4.957" errors="0" timestamp="2025-05-05T14:21:06 IST" skipped="0">
  <testcase classname="category.MandatoryCheck" name="mandatorycheck" time="4.957"/>
</testsuite> <!-- category.MandatoryCheck -->
