<?xml version="1.0" encoding="UTF-8"?>
<!-- Generated by org.testng.reporters.JUnitReportReporter -->
<testsuite hostname="DESKTOP-2F7C5CE" failures="0" tests="1" name="termsandcondition.EditInvoice" time="26.722" errors="0" timestamp="2025-04-04T10:01:30 IST" skipped="0">
  <testcase classname="termsandcondition.EditInvoice" name="editInvoice" time="26.722"/>
</testsuite> <!-- termsandcondition.EditInvoice -->
