<?xml version="1.0" encoding="UTF-8"?>
<!-- Generated by org.testng.reporters.JUnitReportReporter -->
<testsuite hostname="DESKTOP-2F7C5CE" failures="0" tests="1" name="labour.EditLabour" time="9.991" errors="0" timestamp="2025-04-02T15:54:38 IST" skipped="0">
  <testcase classname="labour.EditLabour" name="addlabour" time="9.991"/>
</testsuite> <!-- labour.EditLabour -->
