<?xml version="1.0" encoding="UTF-8"?>
<!-- Generated by org.testng.reporters.JUnitReportReporter -->
<testsuite hostname="G3-PC-01" failures="0" tests="1" name="users.AddNewUser" time="13.803" errors="0" timestamp="2025-06-12T17:05:46 IST" skipped="0">
  <testcase classname="users.AddNewUser" name="addNewUser" time="13.803"/>
</testsuite> <!-- users.AddNewUser -->
