<?xml version="1.0" encoding="UTF-8"?>
<!-- Generated by org.testng.reporters.JUnitReportReporter -->
<testsuite hostname="G3-PC-01" failures="0" tests="1" name="basepack.Login" time="0.188" errors="0" timestamp="2025-04-04T11:43:08 IST" skipped="0">
  <testcase classname="basepack.Login" name="loggedin" time="0.188"/>
</testsuite> <!-- basepack.Login -->
