<?xml version="1.0" encoding="UTF-8"?>
<!-- Generated by org.testng.reporters.JUnitReportReporter -->
<testsuite hostname="DESKTOP-2F7C5CE" failures="0" tests="1" name="materials.ValidationCheck" time="8.719" errors="0" timestamp="2025-04-03T12:26:32 IST" skipped="0">
  <testcase classname="materials.ValidationCheck" name="Validatefields" time="8.719"/>
</testsuite> <!-- materials.ValidationCheck -->
