<?xml version="1.0" encoding="UTF-8"?>
<!-- Generated by org.testng.reporters.JUnitReportReporter -->
<testsuite hostname="G3-PC-01" failures="0" tests="1" name="users.ValidationsCheck" time="7.539" errors="0" timestamp="2025-06-13T14:00:46 IST" skipped="0">
  <testcase classname="users.ValidationsCheck" name="addNewUser" time="7.539"/>
</testsuite> <!-- users.ValidationsCheck -->
