<?xml version="1.0" encoding="UTF-8"?>
<!-- Generated by org.testng.reporters.JUnitReportReporter -->
<testsuite hostname="G3-PC-01" failures="0" tests="3" name="customers.SearchFilterandPagination" time="8.191" errors="0" timestamp="2025-06-05T08:40:46 IST" skipped="0">
  <testcase classname="customers.SearchFilterandPagination" name="Pagination" time="1.578"/>
  <testcase classname="customers.SearchFilterandPagination" name="SearchandFilter" time="3.361"/>
  <testcase classname="customers.SearchFilterandPagination" name="ColumChooser" time="3.252"/>
</testsuite> <!-- customers.SearchFilterandPagination -->
