<?xml version="1.0" encoding="UTF-8"?>
<!-- Generated by org.testng.reporters.JUnitReportReporter -->
<testsuite hostname="G3-PC-01" failures="0" tests="2" name="smoketesting.DeleteRolesAndUsers" time="54.241" errors="0" timestamp="2025-08-14T14:00:33 IST" skipped="0">
  <testcase classname="smoketesting.DeleteRolesAndUsers" name="DeleteRoles" time="21.265"/>
  <testcase classname="smoketesting.DeleteRolesAndUsers" name="DeleteUsers" time="32.976"/>
</testsuite> <!-- smoketesting.DeleteRolesAndUsers -->
