<?xml version="1.0" encoding="UTF-8"?>
<!-- Generated by org.testng.reporters.JUnitReportReporter -->
<testsuite hostname="DESKTOP-2F7C5CE" failures="0" tests="1" name="materials.EditMaterial" time="13.203" errors="0" timestamp="2025-04-03T11:41:03 IST" skipped="0">
  <testcase classname="materials.EditMaterial" name="addmaterial" time="13.203"/>
</testsuite> <!-- materials.EditMaterial -->
