<?xml version="1.0" encoding="UTF-8"?>
<!-- Generated by org.testng.reporters.JUnitReportReporter -->
<testsuite hostname="G3-PC-01" failures="0" tests="1" name="smoketesting.AddEditAndDeleteCustomer" time="22.291" errors="0" timestamp="2025-08-18T12:10:44 IST" skipped="0">
  <testcase classname="smoketesting.AddEditAndDeleteCustomer" name="AddCustomer" time="22.291"/>
</testsuite> <!-- smoketesting.AddEditAndDeleteCustomer -->
