<?xml version="1.0" encoding="UTF-8"?>
<!-- Generated by org.testng.reporters.JUnitReportReporter -->
<testsuite hostname="G3-PC-01" failures="0" tests="1" name="category.EditCategory" time="9.918" errors="0" timestamp="2025-05-05T13:58:38 IST" skipped="0">
  <testcase classname="category.EditCategory" name="editcategory" time="9.918"/>
</testsuite> <!-- category.EditCategory -->
