<?xml version="1.0" encoding="UTF-8"?>
<!-- Generated by org.testng.reporters.JUnitReportReporter -->
<testsuite hostname="G3-PC-01" failures="0" tests="1" name="customers.EditCustomer" time="29.911" errors="0" timestamp="2025-06-05T10:11:58 IST" skipped="0">
  <testcase classname="customers.EditCustomer" name="editcustomer" time="29.911"/>
</testsuite> <!-- customers.EditCustomer -->
