<?xml version="1.0" encoding="UTF-8"?>
<!-- Generated by org.testng.reporters.JUnitReportReporter -->
<testsuite hostname="DESKTOP-2F7C5CE" failures="0" tests="2" name="customers.DeleteDiscount" time="17.933" errors="0" timestamp="2025-03-28T15:36:25 IST" skipped="0">
  <testcase classname="customers.DeleteDiscount" name="AddDiscountWithCategoryName" time="17.630"/>
  <testcase classname="customers.DeleteDiscount" name="firstone" time="0.303"/>
</testsuite> <!-- customers.DeleteDiscount -->
