<?xml version="1.0" encoding="UTF-8"?>
<!-- Generated by org.testng.reporters.JUnitReportReporter -->
<testsuite hostname="G3-PC-01" failures="0" tests="1" name="customers.AddNewCustomer" time="12.915" errors="0" timestamp="2025-06-05T08:10:12 IST" skipped="0">
  <testcase classname="customers.AddNewCustomer" name="addnewcustomer" time="12.915"/>
</testsuite> <!-- customers.AddNewCustomer -->
