<?xml version="1.0" encoding="UTF-8"?>
<!-- Generated by org.testng.reporters.JUnitReportReporter -->
<testsuite hostname="G3-PC-01" failures="0" tests="1" name="category.StatusFilterAndStatusBehaviour" time="42.979" errors="0" timestamp="2025-05-06T15:01:50 IST" skipped="0">
  <testcase classname="category.StatusFilterAndStatusBehaviour" name="StatusFunctionality" time="42.979"/>
</testsuite> <!-- category.StatusFilterAndStatusBehaviour -->
