<?xml version="1.0" encoding="UTF-8"?>
<!-- Generated by org.testng.reporters.JUnitReportReporter -->
<testsuite hostname="DESKTOP-2F7C5CE" failures="0" tests="2" name="customers.Clearcheck" time="18.708" errors="0" timestamp="2025-03-28T12:04:45 IST" skipped="0">
  <testcase classname="customers.Clearcheck" name="editcustomer" time="18.301"/>
  <testcase classname="customers.Clearcheck" name="firstone" time="0.407"/>
</testsuite> <!-- customers.Clearcheck -->
