<?xml version="1.0" encoding="UTF-8"?>
<!-- Generated by org.testng.reporters.JUnitReportReporter -->
<testsuite hostname="DESKTOP-2F7C5CE" failures="0" tests="1" name="basepack.Initialstep" time="0.411" errors="0" timestamp="2025-03-24T12:29:51 IST" skipped="0">
  <testcase classname="basepack.Initialstep" name="firstone" time="0.411"/>
</testsuite> <!-- basepack.Initialstep -->
