<?xml version="1.0" encoding="UTF-8"?>
<!-- Generated by org.testng.reporters.JUnitReportReporter -->
<testsuite hostname="DESKTOP-2F7C5CE" failures="0" tests="1" name="machinery.MandatoryCheck" time="4.234" errors="0" timestamp="2025-04-03T13:58:24 IST" skipped="0">
  <testcase classname="machinery.MandatoryCheck" name="Mandatorycheck" time="4.234"/>
</testsuite> <!-- machinery.MandatoryCheck -->
