<?xml version="1.0" encoding="UTF-8"?>
<!-- Generated by org.testng.reporters.JUnitReportReporter -->
<testsuite hostname="G3-PC-01" failures="0" tests="6" name="smoketesting.AddProdcutandItsDetails" time="88.026" errors="0" timestamp="2025-08-12T11:01:11 IST" skipped="0">
  <testcase classname="smoketesting.AddProdcutandItsDetails" name="AddLabour" time="5.415"/>
  <testcase classname="smoketesting.AddProdcutandItsDetails" name="AddMachinery" time="8.468"/>
  <testcase classname="smoketesting.AddProdcutandItsDetails" name="AddProductDiscount" time="5.908"/>
  <testcase classname="smoketesting.AddProdcutandItsDetails" name="AddMaterial" time="10.549"/>
  <testcase classname="smoketesting.AddProdcutandItsDetails" name="AddProduct" time="38.016"/>
  <testcase classname="smoketesting.AddProdcutandItsDetails" name="AddCategory" time="19.670"/>
</testsuite> <!-- smoketesting.AddProdcutandItsDetails -->
