<?xml version="1.0" encoding="UTF-8"?>
<!-- Generated by org.testng.reporters.JUnitReportReporter -->
<testsuite hostname="DESKTOP-2F7C5CE" failures="0" tests="2" name="products.DeleteDiscount" time="16.893" errors="0" timestamp="2025-04-02T10:23:16 IST" skipped="0">
  <testcase classname="products.DeleteDiscount" name="editproducts" time="16.553"/>
  <testcase classname="products.DeleteDiscount" name="firstone" time="0.340"/>
</testsuite> <!-- products.DeleteDiscount -->
