<?xml version="1.0" encoding="UTF-8"?>
<!-- Generated by org.testng.reporters.JUnitReportReporter -->
<testsuite hostname="DESKTOP-2F7C5CE" failures="0" tests="1" name="accountmanagement.EditAccount" time="20.316" errors="0" timestamp="2025-04-03T17:09:51 IST" skipped="0">
  <testcase classname="accountmanagement.EditAccount" name="editaccount" time="20.316"/>
</testsuite> <!-- accountmanagement.EditAccount -->
