<?xml version="1.0" encoding="UTF-8"?>
<!-- Generated by org.testng.reporters.JUnitReportReporter -->
<testsuite hostname="G3-PC-01" failures="0" tests="2" name="materials.AddMaterial" time="16.372" errors="0" timestamp="2025-05-30T10:30:20 IST" skipped="0">
  <testcase classname="materials.AddMaterial" name="addmaterial" time="6.558"/>
  <testcase classname="materials.AddMaterial" name="AddMaterialWithNewCategory" time="9.814"/>
</testsuite> <!-- materials.AddMaterial -->
