<?xml version="1.0" encoding="UTF-8"?>
<!-- Generated by org.testng.reporters.JUnitReportReporter -->
<testsuite hostname="G3-PC-01" failures="0" tests="1" name="roles.EditRole" time="18.329" errors="0" timestamp="2025-06-03T15:10:59 IST" skipped="0">
  <testcase classname="roles.EditRole" name="editRole" time="18.329"/>
</testsuite> <!-- roles.EditRole -->
