<?xml version="1.0" encoding="UTF-8"?>
<!-- Generated by org.testng.reporters.JUnitReportReporter -->
<testsuite hostname="G3-PC-01" failures="0" tests="4" name="customers.ValidationCheck" time="24.381" errors="0" timestamp="2025-07-15T16:37:36 IST" skipped="0">
  <testcase classname="customers.ValidationCheck" name="mandatorycheck" time="3.349"/>
  <testcase classname="customers.ValidationCheck" name="InvalidData" time="7.321"/>
  <testcase classname="customers.ValidationCheck" name="NotInRange" time="6.464"/>
  <testcase classname="customers.ValidationCheck" name="DuplicateBusinessName" time="7.247"/>
</testsuite> <!-- customers.ValidationCheck -->
