<?xml version="1.0" encoding="UTF-8"?>
<!-- Generated by org.testng.reporters.JUnitReportReporter -->
<testsuite hostname="G3-PC-01" failures="0" tests="3" name="roles.SearchFilterandPagination" time="10.887" errors="0" timestamp="2025-06-03T16:09:50 IST" skipped="0">
  <testcase classname="roles.SearchFilterandPagination" name="Pagination" time="1.776"/>
  <testcase classname="roles.SearchFilterandPagination" name="SearchandFilter" time="2.198"/>
  <testcase classname="roles.SearchFilterandPagination" name="ColumChooser" time="6.913"/>
</testsuite> <!-- roles.SearchFilterandPagination -->
