<?xml version="1.0" encoding="UTF-8"?>
<!-- Generated by org.testng.reporters.JUnitReportReporter -->
<testsuite hostname="DESKTOP-2F7C5CE" failures="0" tests="1" name="machinery.EditMachinery" time="10.277" errors="0" timestamp="2025-04-03T13:48:36 IST" skipped="0">
  <testcase classname="machinery.EditMachinery" name="editmachinery" time="10.277"/>
</testsuite> <!-- machinery.EditMachinery -->
