<?xml version="1.0" encoding="UTF-8"?>
<!-- Generated by org.testng.reporters.JUnitReportReporter -->
<testsuite hostname="G3-PC-01" failures="0" tests="1" name="machinery.SearchFilterandPagination" time="6.947" errors="0" timestamp="2025-06-02T11:28:57 IST" skipped="0">
  <testcase classname="machinery.SearchFilterandPagination" name="Pagination" time="6.947"/>
</testsuite> <!-- machinery.SearchFilterandPagination -->
