<?xml version="1.0" encoding="UTF-8"?>
<!-- Generated by org.testng.reporters.JUnitReportReporter -->
<testsuite hostname="G3-PC-01" failures="0" tests="1" name="smoketesting.EditProductAndItsDetails" time="32.641" errors="0" timestamp="2025-08-21T16:50:52 IST" skipped="0">
  <testcase classname="smoketesting.EditProductAndItsDetails" name="EditCategories" time="32.641"/>
</testsuite> <!-- smoketesting.EditProductAndItsDetails -->
