<?xml version="1.0" encoding="UTF-8"?>
<!-- Generated by org.testng.reporters.JUnitReportReporter -->
<testsuite hostname="G3-PC-01" failures="0" tests="1" name="labour.DuplicateLabourTest" time="9.308" errors="0" timestamp="2025-06-02T09:37:05 IST" skipped="0">
  <testcase classname="labour.DuplicateLabourTest" name="DuplicateTest" time="9.308"/>
</testsuite> <!-- labour.DuplicateLabourTest -->
