<?xml version="1.0" encoding="UTF-8"?>
<!-- Generated by org.testng.reporters.JUnitReportReporter -->
<testsuite hostname="DESKTOP-2F7C5CE" failures="0" tests="2" name="category.SearchOnline" time="40.858" errors="0" timestamp="2025-03-27T17:29:50 IST" skipped="0">
  <testcase classname="category.SearchOnline" name="addnewcustomer" time="40.493"/>
  <testcase classname="category.SearchOnline" name="firstone" time="0.365"/>
</testsuite> <!-- category.SearchOnline -->
