<?xml version="1.0" encoding="UTF-8"?>
<!-- Generated by org.testng.reporters.JUnitReportReporter -->
<testsuite hostname="G3-PC-01" failures="0" tests="1" name="roles.ValidationCheck" time="10.406" errors="0" timestamp="2025-06-03T15:48:24 IST" skipped="0">
  <testcase classname="roles.ValidationCheck" name="ValidationsCheck" time="10.406"/>
</testsuite> <!-- roles.ValidationCheck -->
