<?xml version="1.0" encoding="UTF-8"?>
<!-- Generated by org.testng.reporters.JUnitReportReporter -->
<testsuite hostname="G3-PC-01" failures="0" tests="1" name="customers.AddTags" time="23.260" errors="0" timestamp="2025-06-05T12:13:12 IST" skipped="0">
  <testcase classname="customers.AddTags" name="Addtags" time="23.260"/>
</testsuite> <!-- customers.AddTags -->
