<?xml version="1.0" encoding="UTF-8"?>
<!-- Generated by org.testng.reporters.JUnitReportReporter -->
<testsuite hostname="G3-PC-01" failures="0" tests="1" name="smoketesting.AddEditAndDeleteEmailTemplate" time="10.256" errors="0" timestamp="2025-08-21T11:18:35 IST" skipped="0">
  <testcase classname="smoketesting.AddEditAndDeleteEmailTemplate" name="AddEmailTemplate" time="10.256"/>
</testsuite> <!-- smoketesting.AddEditAndDeleteEmailTemplate -->
